2025-09-09 00:38:16 | INFO | STALL DETECTED at 2025-09-09T05:38:16.554498: Temp stable at 142.0°F over last 10 readings.
2025-09-09 00:40:48 | INFO | Processed JSON message: {'timestamp': '2025-09-09T05:40:48.497434', 'temperature': 142.2}
2025-09-09 00:40:48 | INFO | Rolling window size: 10
2025-09-09 00:40:48 | INFO | Max stall temperature range: 0.2 F
2025-09-09 00:40:48 | INFO | STALL DETECTED at 2025-09-09T05:40:48.497434: Temp stable at 142.2°F over last 10 readings.
2025-09-09 00:40:53 | INFO | Processed JSON message: {'timestamp': '2025-09-09T05:40:53.505269', 'temperature': 142.0}
2025-09-09 00:40:53 | INFO | Rolling window size: 10
2025-09-09 00:40:53 | INFO | Max stall temperature range: 0.2 F
2025-09-09 00:40:53 | INFO | STALL DETECTED at 2025-09-09T05:40:53.505269: Temp stable at 142.0°F over last 10 readings.
2025-09-09 00:41:03 | INFO | Processed JSON message: {'timestamp': '2025-09-09T05:41:03.886839', 'temperature': 142.2}
2025-09-09 00:41:03 | INFO | Rolling window size: 10
2025-09-09 00:41:03 | INFO | Max stall temperature range: 0.2 F
2025-09-09 00:41:03 | INFO | STALL DETECTED at 2025-09-09T05:41:03.886839: Temp stable at 142.2°F over last 10 readings.
2025-09-09 00:43:22 | INFO | Processed JSON message: {'timestamp': '2025-09-09T05:43:22.530857', 'temperature': 142.0}
2025-09-09 00:43:22 | INFO | Rolling window size: 10
2025-09-09 00:43:22 | INFO | Max stall temperature range: 0.2 F
2025-09-09 00:43:22 | INFO | STALL DETECTED at 2025-09-09T05:43:22.530857: Temp stable at 142.0°F over last 10 readings.
2025-09-09 00:43:27 | INFO | Processed JSON message: {'timestamp': '2025-09-09T05:43:27.542559', 'temperature': 142.2}
2025-09-09 00:43:27 | INFO | Rolling window size: 10
2025-09-09 00:43:27 | INFO | Max stall temperature range: 0.2 F
2025-09-09 00:43:27 | INFO | STALL DETECTED at 2025-09-09T05:43:27.542559: Temp stable at 142.2°F over last 10 readings.
2025-09-09 00:43:34 | INFO | Processed JSON message: {'timestamp': '2025-09-09T05:43:34.305715', 'temperature': 142.0}
2025-09-09 00:43:34 | INFO | Rolling window size: 10
2025-09-09 00:43:34 | INFO | Max stall temperature range: 0.2 F
2025-09-09 00:43:34 | INFO | STALL DETECTED at 2025-09-09T05:43:34.305715: Temp stable at 142.0°F over last 10 readings.
2025-09-09 00:46:14 | INFO | Processed JSON message: {'timestamp': '2025-09-09T05:46:14.320577', 'temperature': 142.2}
2025-09-09 00:46:14 | INFO | Rolling window size: 10
2025-09-09 00:46:14 | INFO | Max stall temperature range: 0.2 F
2025-09-09 00:46:14 | INFO | STALL DETECTED at 2025-09-09T05:46:14.320577: Temp stable at 142.2°F over last 10 readings.
2025-09-09 00:46:19 | INFO | Processed JSON message: {'timestamp': '2025-09-09T05:46:19.333716', 'temperature': 142.0}
2025-09-09 00:46:19 | INFO | Rolling window size: 10
2025-09-09 00:46:19 | INFO | Max stall temperature range: 0.2 F
2025-09-09 00:46:19 | INFO | STALL DETECTED at 2025-09-09T05:46:19.333716: Temp stable at 142.0°F over last 10 readings.
2025-09-09 00:47:09 | INFO | Processed JSON message: {'timestamp': '2025-09-09T05:47:09.266984', 'temperature': 142.2}
2025-09-09 00:47:09 | INFO | Rolling window size: 10
2025-09-09 00:47:09 | INFO | Max stall temperature range: 0.2 F
2025-09-09 00:47:09 | INFO | STALL DETECTED at 2025-09-09T05:47:09.266984: Temp stable at 142.2°F over last 10 readings.
2025-09-09 00:47:14 | INFO | Processed JSON message: {'timestamp': '2025-09-09T05:47:14.281271', 'temperature': 142.0}
2025-09-09 00:47:14 | INFO | Rolling window size: 10
2025-09-09 00:47:14 | INFO | Max stall temperature range: 0.2 F
2025-09-09 00:47:14 | INFO | STALL DETECTED at 2025-09-09T05:47:14.281271: Temp stable at 142.0°F over last 10 readings.
2025-09-09 00:48:20 | INFO | Processed JSON message: {'timestamp': '2025-09-09T05:48:20.827954', 'temperature': 142.2}
2025-09-09 00:48:20 | INFO | Rolling window size: 10
2025-09-09 00:48:20 | INFO | Max stall temperature range: 0.2 F
2025-09-09 00:48:20 | INFO | STALL DETECTED at 2025-09-09T05:48:20.827954: Temp stable at 142.2°F over last 10 readings.
2025-09-09 00:48:25 | INFO | Processed JSON message: {'timestamp': '2025-09-09T05:48:25.841442', 'temperature': 142.0}
2025-09-09 00:48:25 | INFO | Rolling window size: 10
2025-09-09 00:48:25 | INFO | Max stall temperature range: 0.2 F
2025-09-09 00:48:25 | INFO | STALL DETECTED at 2025-09-09T05:48:25.841442: Temp stable at 142.0°F over last 10 readings.
2025-09-09 00:49:18 | INFO | Processed JSON message: {'timestamp': '2025-09-09T05:49:18.160550', 'temperature': 142.2}
2025-09-09 00:49:18 | INFO | Rolling window size: 10
2025-09-09 00:49:18 | INFO | Max stall temperature range: 0.2 F
2025-09-09 00:49:18 | INFO | STALL DETECTED at 2025-09-09T05:49:18.160550: Temp stable at 142.2°F over last 10 readings.
2025-09-09 00:49:23 | INFO | Processed JSON message: {'timestamp': '2025-09-09T05:49:23.173226', 'temperature': 142.0}
2025-09-09 00:49:23 | INFO | Rolling window size: 10
2025-09-09 00:49:23 | INFO | Max stall temperature range: 0.2 F
2025-09-09 00:49:23 | INFO | STALL DETECTED at 2025-09-09T05:49:23.173226: Temp stable at 142.0°F over last 10 readings.
2025-09-09 00:49:28 | INFO | Processed JSON message: {'timestamp': '2025-09-09T05:49:28.186679', 'temperature': 142.2}
2025-09-09 00:49:28 | INFO | Rolling window size: 10
2025-09-09 00:49:28 | INFO | Max stall temperature range: 0.2 F
2025-09-09 00:49:28 | INFO | STALL DETECTED at 2025-09-09T05:49:28.186679: Temp stable at 142.2°F over last 10 readings.
2025-09-09 00:49:33 | INFO | Processed JSON message: {'timestamp': '2025-09-09T05:49:33.194463', 'temperature': 142.0}
2025-09-09 00:49:33 | INFO | Rolling window size: 10
2025-09-09 00:49:33 | INFO | Max stall temperature range: 0.2 F
2025-09-09 00:49:33 | INFO | STALL DETECTED at 2025-09-09T05:49:33.194463: Temp stable at 142.0°F over last 10 readings.
2025-09-09 00:49:38 | INFO | Processed JSON message: {'timestamp': '2025-09-09T05:49:38.206994', 'temperature': 142.2}
2025-09-09 00:49:38 | INFO | Rolling window size: 10
2025-09-09 00:49:38 | INFO | Max stall temperature range: 0.2 F
2025-09-09 00:49:38 | INFO | STALL DETECTED at 2025-09-09T05:49:38.206994: Temp stable at 142.2°F over last 10 readings.
2025-09-09 00:49:43 | INFO | Processed JSON message: {'timestamp': '2025-09-09T05:49:43.211620', 'temperature': 142.0}
2025-09-09 00:49:43 | INFO | Rolling window size: 10
2025-09-09 00:49:43 | INFO | Max stall temperature range: 0.2 F
2025-09-09 00:49:43 | INFO | STALL DETECTED at 2025-09-09T05:49:43.211620: Temp stable at 142.0°F over last 10 readings.
2025-09-09 00:49:48 | INFO | Processed JSON message: {'timestamp': '2025-09-09T05:49:48.219513', 'temperature': 142.2}
2025-09-09 00:49:48 | INFO | Rolling window size: 10
2025-09-09 00:49:48 | INFO | Max stall temperature range: 0.2 F
2025-09-09 00:49:48 | INFO | STALL DETECTED at 2025-09-09T05:49:48.219513: Temp stable at 142.2°F over last 10 readings.
2025-09-09 00:49:53 | INFO | Processed JSON message: {'timestamp': '2025-09-09T05:49:53.228515', 'temperature': 142.0}
2025-09-09 00:49:53 | INFO | Rolling window size: 10
2025-09-09 00:49:53 | INFO | Max stall temperature range: 0.2 F
2025-09-09 00:49:53 | INFO | STALL DETECTED at 2025-09-09T05:49:53.228515: Temp stable at 142.0°F over last 10 readings.
2025-09-09 00:49:58 | INFO | Processed JSON message: {'timestamp': '2025-09-09T05:49:58.237295', 'temperature': 142.2}
2025-09-09 00:49:58 | INFO | Rolling window size: 10
2025-09-09 00:49:58 | INFO | Max stall temperature range: 0.2 F
2025-09-09 00:49:58 | INFO | STALL DETECTED at 2025-09-09T05:49:58.237295: Temp stable at 142.2°F over last 10 readings.
2025-09-09 00:50:03 | INFO | Processed JSON message: {'timestamp': '2025-09-09T05:50:03.245722', 'temperature': 142.0}
2025-09-09 00:50:03 | INFO | Rolling window size: 10
2025-09-09 00:50:03 | INFO | Max stall temperature range: 0.2 F
2025-09-09 00:50:03 | INFO | STALL DETECTED at 2025-09-09T05:50:03.245722: Temp stable at 142.0°F over last 10 readings.
2025-09-09 00:50:08 | INFO | Processed JSON message: {'timestamp': '2025-09-09T05:50:08.253174', 'temperature': 142.2}
2025-09-09 00:50:08 | INFO | Rolling window size: 10
2025-09-09 00:50:08 | INFO | Max stall temperature range: 0.2 F
2025-09-09 00:50:08 | INFO | STALL DETECTED at 2025-09-09T05:50:08.253174: Temp stable at 142.2°F over last 10 readings.
2025-09-09 00:50:13 | INFO | Processed JSON message: {'timestamp': '2025-09-09T05:50:13.260555', 'temperature': 142.0}
2025-09-09 00:50:13 | INFO | Rolling window size: 10
2025-09-09 00:50:13 | INFO | Max stall temperature range: 0.2 F
2025-09-09 00:50:13 | INFO | STALL DETECTED at 2025-09-09T05:50:13.260555: Temp stable at 142.0°F over last 10 readings.
2025-09-09 00:50:18 | INFO | Processed JSON message: {'timestamp': '2025-09-09T05:50:18.268138', 'temperature': 142.2}
2025-09-09 00:50:18 | INFO | Rolling window size: 10
2025-09-09 00:50:18 | INFO | Max stall temperature range: 0.2 F
2025-09-09 00:50:18 | INFO | STALL DETECTED at 2025-09-09T05:50:18.268138: Temp stable at 142.2°F over last 10 readings.
2025-09-09 00:50:23 | INFO | Processed JSON message: {'timestamp': '2025-09-09T05:50:23.274914', 'temperature': 142.0}
2025-09-09 00:50:23 | INFO | Rolling window size: 10
2025-09-09 00:50:23 | INFO | Max stall temperature range: 0.2 F
2025-09-09 00:50:23 | INFO | STALL DETECTED at 2025-09-09T05:50:23.274914: Temp stable at 142.0°F over last 10 readings.
2025-09-09 00:50:28 | INFO | Processed JSON message: {'timestamp': '2025-09-09T05:50:28.284216', 'temperature': 142.2}
2025-09-09 00:50:28 | INFO | Rolling window size: 10
2025-09-09 00:50:28 | INFO | Max stall temperature range: 0.2 F
2025-09-09 00:50:28 | INFO | STALL DETECTED at 2025-09-09T05:50:28.284216: Temp stable at 142.2°F over last 10 readings.
2025-09-09 00:50:33 | INFO | Processed JSON message: {'timestamp': '2025-09-09T05:50:33.289209', 'temperature': 142.0}
2025-09-09 00:50:33 | INFO | Rolling window size: 10
2025-09-09 00:50:33 | INFO | Max stall temperature range: 0.2 F
2025-09-09 00:50:33 | INFO | STALL DETECTED at 2025-09-09T05:50:33.289209: Temp stable at 142.0°F over last 10 readings.
2025-09-09 00:50:38 | INFO | Processed JSON message: {'timestamp': '2025-09-09T05:50:38.296276', 'temperature': 142.2}
2025-09-09 00:50:38 | INFO | Rolling window size: 10
2025-09-09 00:50:38 | INFO | Max stall temperature range: 0.2 F
2025-09-09 00:50:38 | INFO | STALL DETECTED at 2025-09-09T05:50:38.296276: Temp stable at 142.2°F over last 10 readings.
2025-09-09 00:50:43 | INFO | Processed JSON message: {'timestamp': '2025-09-09T05:50:43.302434', 'temperature': 142.0}
2025-09-09 00:50:43 | INFO | Rolling window size: 10
2025-09-09 00:50:43 | INFO | Max stall temperature range: 0.2 F
2025-09-09 00:50:43 | INFO | STALL DETECTED at 2025-09-09T05:50:43.302434: Temp stable at 142.0°F over last 10 readings.
2025-09-09 00:50:48 | INFO | Processed JSON message: {'timestamp': '2025-09-09T05:50:48.307482', 'temperature': 142.2}
2025-09-09 00:50:48 | INFO | Rolling window size: 10
2025-09-09 00:50:48 | INFO | Max stall temperature range: 0.2 F
2025-09-09 00:50:48 | INFO | STALL DETECTED at 2025-09-09T05:50:48.307482: Temp stable at 142.2°F over last 10 readings.
2025-09-09 00:50:53 | INFO | Processed JSON message: {'timestamp': '2025-09-09T05:50:53.316759', 'temperature': 142.0}
2025-09-09 00:50:53 | INFO | Rolling window size: 10
2025-09-09 00:50:53 | INFO | Max stall temperature range: 0.2 F
2025-09-09 00:50:53 | INFO | STALL DETECTED at 2025-09-09T05:50:53.316759: Temp stable at 142.0°F over last 10 readings.
2025-09-09 00:50:58 | INFO | Processed JSON message: {'timestamp': '2025-09-09T05:50:58.327573', 'temperature': 70.4}
2025-09-09 00:50:58 | INFO | Rolling window size: 10
2025-09-09 00:50:58 | INFO | Max stall temperature range: 0.2 F
2025-09-09 00:51:03 | INFO | Processed JSON message: {'timestamp': '2025-09-09T05:51:03.329958', 'temperature': 70.8}
2025-09-09 00:51:03 | INFO | Rolling window size: 10
2025-09-09 00:51:03 | INFO | Max stall temperature range: 0.2 F
2025-09-09 00:51:08 | INFO | Processed JSON message: {'timestamp': '2025-09-09T05:51:08.338742', 'temperature': 71.2}
2025-09-09 00:51:08 | INFO | Rolling window size: 10
2025-09-09 00:51:08 | INFO | Max stall temperature range: 0.2 F
2025-09-09 00:51:13 | INFO | Processed JSON message: {'timestamp': '2025-09-09T05:51:13.346484', 'temperature': 71.6}
2025-09-09 00:51:13 | INFO | Rolling window size: 10
2025-09-09 00:51:13 | INFO | Max stall temperature range: 0.2 F
2025-09-09 00:51:18 | INFO | Processed JSON message: {'timestamp': '2025-09-09T05:51:18.354210', 'temperature': 72.0}
2025-09-09 00:51:18 | INFO | Rolling window size: 10
2025-09-09 00:51:18 | INFO | Max stall temperature range: 0.2 F
2025-09-09 00:51:23 | INFO | Processed JSON message: {'timestamp': '2025-09-09T05:51:23.361003', 'temperature': 72.4}
2025-09-09 00:51:23 | INFO | Rolling window size: 10
2025-09-09 00:51:23 | INFO | Max stall temperature range: 0.2 F
2025-09-09 00:51:28 | INFO | Processed JSON message: {'timestamp': '2025-09-09T05:51:28.369197', 'temperature': 72.8}
2025-09-09 00:51:28 | INFO | Rolling window size: 10
2025-09-09 00:51:28 | INFO | Max stall temperature range: 0.2 F
2025-09-09 00:51:33 | INFO | Processed JSON message: {'timestamp': '2025-09-09T05:51:33.373825', 'temperature': 73.2}
2025-09-09 00:51:33 | INFO | Rolling window size: 10
2025-09-09 00:51:33 | INFO | Max stall temperature range: 0.2 F
2025-09-09 00:51:38 | INFO | Processed JSON message: {'timestamp': '2025-09-09T05:51:38.381951', 'temperature': 73.6}
2025-09-09 00:51:38 | INFO | Rolling window size: 10
2025-09-09 00:51:38 | INFO | Max stall temperature range: 0.2 F
2025-09-09 00:51:43 | INFO | Processed JSON message: {'timestamp': '2025-09-09T05:51:43.386076', 'temperature': 74.0}
2025-09-09 00:51:43 | INFO | Rolling window size: 10
2025-09-09 00:51:43 | INFO | Max stall temperature range: 0.2 F
2025-09-09 00:51:48 | INFO | Processed JSON message: {'timestamp': '2025-09-09T05:51:48.392545', 'temperature': 74.4}
2025-09-09 00:51:48 | INFO | Rolling window size: 10
2025-09-09 00:51:48 | INFO | Max stall temperature range: 0.2 F
2025-09-09 00:51:53 | INFO | Processed JSON message: {'timestamp': '2025-09-09T05:51:53.397264', 'temperature': 74.8}
2025-09-09 00:51:53 | INFO | Rolling window size: 10
2025-09-09 00:51:53 | INFO | Max stall temperature range: 0.2 F
2025-09-09 00:51:58 | INFO | Processed JSON message: {'timestamp': '2025-09-09T05:51:58.405548', 'temperature': 75.2}
2025-09-09 00:51:58 | INFO | Rolling window size: 10
2025-09-09 00:51:58 | INFO | Max stall temperature range: 0.2 F
2025-09-09 00:52:03 | INFO | Processed JSON message: {'timestamp': '2025-09-09T05:52:03.414022', 'temperature': 75.6}
2025-09-09 00:52:03 | INFO | Rolling window size: 10
2025-09-09 00:52:03 | INFO | Max stall temperature range: 0.2 F
2025-09-09 00:52:08 | INFO | Processed JSON message: {'timestamp': '2025-09-09T05:52:08.418447', 'temperature': 76.0}
2025-09-09 00:52:08 | INFO | Rolling window size: 10
2025-09-09 00:52:08 | INFO | Max stall temperature range: 0.2 F
2025-09-09 00:52:13 | INFO | Processed JSON message: {'timestamp': '2025-09-09T05:52:13.424332', 'temperature': 76.4}
2025-09-09 00:52:13 | INFO | Rolling window size: 10
2025-09-09 00:52:13 | INFO | Max stall temperature range: 0.2 F
2025-09-09 00:52:18 | INFO | Processed JSON message: {'timestamp': '2025-09-09T05:52:18.432265', 'temperature': 76.8}
2025-09-09 00:52:18 | INFO | Rolling window size: 10
2025-09-09 00:52:18 | INFO | Max stall temperature range: 0.2 F
2025-09-09 00:52:23 | INFO | Processed JSON message: {'timestamp': '2025-09-09T05:52:23.438255', 'temperature': 77.2}
2025-09-09 00:52:23 | INFO | Rolling window size: 10
2025-09-09 00:52:23 | INFO | Max stall temperature range: 0.2 F
2025-09-09 00:52:28 | INFO | Processed JSON message: {'timestamp': '2025-09-09T05:52:28.445444', 'temperature': 77.6}
2025-09-09 00:52:28 | INFO | Rolling window size: 10
2025-09-09 00:52:28 | INFO | Max stall temperature range: 0.2 F
2025-09-09 00:52:33 | INFO | Processed JSON message: {'timestamp': '2025-09-09T05:52:33.450563', 'temperature': 78.0}
2025-09-09 00:52:33 | INFO | Rolling window size: 10
2025-09-09 00:52:33 | INFO | Max stall temperature range: 0.2 F
2025-09-09 00:52:38 | INFO | Processed JSON message: {'timestamp': '2025-09-09T05:52:38.457068', 'temperature': 78.4}
2025-09-09 00:52:38 | INFO | Rolling window size: 10
2025-09-09 00:52:38 | INFO | Max stall temperature range: 0.2 F
2025-09-09 00:52:43 | INFO | Processed JSON message: {'timestamp': '2025-09-09T05:52:43.465438', 'temperature': 78.8}
2025-09-09 00:52:43 | INFO | Rolling window size: 10
2025-09-09 00:52:43 | INFO | Max stall temperature range: 0.2 F
2025-09-09 00:52:48 | INFO | Processed JSON message: {'timestamp': '2025-09-09T05:52:48.474159', 'temperature': 79.2}
2025-09-09 00:52:48 | INFO | Rolling window size: 10
2025-09-09 00:52:48 | INFO | Max stall temperature range: 0.2 F
2025-09-09 00:52:53 | INFO | Processed JSON message: {'timestamp': '2025-09-09T05:52:53.480988', 'temperature': 79.6}
2025-09-09 00:52:53 | INFO | Rolling window size: 10
2025-09-09 00:52:53 | INFO | Max stall temperature range: 0.2 F
2025-09-09 00:52:58 | INFO | Processed JSON message: {'timestamp': '2025-09-09T05:52:58.489411', 'temperature': 80.0}
2025-09-09 00:52:58 | INFO | Rolling window size: 10
2025-09-09 00:52:58 | INFO | Max stall temperature range: 0.2 F
2025-09-09 00:53:03 | INFO | Processed JSON message: {'timestamp': '2025-09-09T05:53:03.497844', 'temperature': 80.4}
2025-09-09 00:53:03 | INFO | Rolling window size: 10
2025-09-09 00:53:03 | INFO | Max stall temperature range: 0.2 F
2025-09-09 00:53:08 | INFO | Processed JSON message: {'timestamp': '2025-09-09T05:53:08.504514', 'temperature': 80.8}
2025-09-09 00:53:08 | INFO | Rolling window size: 10
2025-09-09 00:53:08 | INFO | Max stall temperature range: 0.2 F
2025-09-09 00:53:13 | INFO | Processed JSON message: {'timestamp': '2025-09-09T05:53:13.510865', 'temperature': 81.2}
2025-09-09 00:53:13 | INFO | Rolling window size: 10
2025-09-09 00:53:13 | INFO | Max stall temperature range: 0.2 F
2025-09-09 00:53:18 | INFO | Processed JSON message: {'timestamp': '2025-09-09T05:53:18.519809', 'temperature': 81.6}
2025-09-09 00:53:18 | INFO | Rolling window size: 10
2025-09-09 00:53:18 | INFO | Max stall temperature range: 0.2 F
2025-09-09 00:53:23 | INFO | Processed JSON message: {'timestamp': '2025-09-09T05:53:23.528066', 'temperature': 82.0}
2025-09-09 00:53:23 | INFO | Rolling window size: 10
2025-09-09 00:53:23 | INFO | Max stall temperature range: 0.2 F
2025-09-09 00:53:28 | INFO | Processed JSON message: {'timestamp': '2025-09-09T05:53:28.533904', 'temperature': 82.4}
2025-09-09 00:53:28 | INFO | Rolling window size: 10
2025-09-09 00:53:28 | INFO | Max stall temperature range: 0.2 F
2025-09-09 00:53:33 | INFO | Processed JSON message: {'timestamp': '2025-09-09T05:53:33.540471', 'temperature': 82.8}
2025-09-09 00:53:33 | INFO | Rolling window size: 10
2025-09-09 00:53:33 | INFO | Max stall temperature range: 0.2 F
2025-09-09 00:53:38 | INFO | Processed JSON message: {'timestamp': '2025-09-09T05:53:38.548786', 'temperature': 83.2}
2025-09-09 00:53:38 | INFO | Rolling window size: 10
2025-09-09 00:53:38 | INFO | Max stall temperature range: 0.2 F
2025-09-09 00:53:43 | INFO | Processed JSON message: {'timestamp': '2025-09-09T05:53:43.558388', 'temperature': 83.6}
2025-09-09 00:53:43 | INFO | Rolling window size: 10
2025-09-09 00:53:43 | INFO | Max stall temperature range: 0.2 F
2025-09-09 00:53:48 | INFO | Processed JSON message: {'timestamp': '2025-09-09T05:53:48.562586', 'temperature': 84.0}
2025-09-09 00:53:48 | INFO | Rolling window size: 10
2025-09-09 00:53:48 | INFO | Max stall temperature range: 0.2 F
2025-09-09 00:53:53 | INFO | Processed JSON message: {'timestamp': '2025-09-09T05:53:53.567943', 'temperature': 84.4}
2025-09-09 00:53:53 | INFO | Rolling window size: 10
2025-09-09 00:53:53 | INFO | Max stall temperature range: 0.2 F
2025-09-09 00:53:58 | INFO | Processed JSON message: {'timestamp': '2025-09-09T05:53:58.576099', 'temperature': 84.8}
2025-09-09 00:53:58 | INFO | Rolling window size: 10
2025-09-09 00:53:58 | INFO | Max stall temperature range: 0.2 F
2025-09-09 00:54:03 | INFO | Processed JSON message: {'timestamp': '2025-09-09T05:54:03.583287', 'temperature': 85.2}
2025-09-09 00:54:03 | INFO | Rolling window size: 10
2025-09-09 00:54:03 | INFO | Max stall temperature range: 0.2 F
2025-09-09 00:54:08 | INFO | Processed JSON message: {'timestamp': '2025-09-09T05:54:08.592082', 'temperature': 85.6}
2025-09-09 00:54:08 | INFO | Rolling window size: 10
2025-09-09 00:54:08 | INFO | Max stall temperature range: 0.2 F
2025-09-09 00:54:13 | INFO | Processed JSON message: {'timestamp': '2025-09-09T05:54:13.599591', 'temperature': 86.0}
2025-09-09 00:54:13 | INFO | Rolling window size: 10
2025-09-09 00:54:13 | INFO | Max stall temperature range: 0.2 F
2025-09-09 00:54:18 | INFO | Processed JSON message: {'timestamp': '2025-09-09T05:54:18.607736', 'temperature': 86.4}
2025-09-09 00:54:18 | INFO | Rolling window size: 10
2025-09-09 00:54:18 | INFO | Max stall temperature range: 0.2 F
2025-09-09 00:54:23 | INFO | Processed JSON message: {'timestamp': '2025-09-09T05:54:23.617097', 'temperature': 86.8}
2025-09-09 00:54:23 | INFO | Rolling window size: 10
2025-09-09 00:54:23 | INFO | Max stall temperature range: 0.2 F
2025-09-09 00:54:28 | INFO | Processed JSON message: {'timestamp': '2025-09-09T05:54:28.625622', 'temperature': 87.2}
2025-09-09 00:54:28 | INFO | Rolling window size: 10
2025-09-09 00:54:28 | INFO | Max stall temperature range: 0.2 F
2025-09-09 00:54:33 | INFO | Processed JSON message: {'timestamp': '2025-09-09T05:54:33.633149', 'temperature': 87.6}
2025-09-09 00:54:33 | INFO | Rolling window size: 10
2025-09-09 00:54:33 | INFO | Max stall temperature range: 0.2 F
2025-09-09 00:54:38 | INFO | Processed JSON message: {'timestamp': '2025-09-09T05:54:38.640905', 'temperature': 88.0}
2025-09-09 00:54:38 | INFO | Rolling window size: 10
2025-09-09 00:54:38 | INFO | Max stall temperature range: 0.2 F
2025-09-09 00:54:43 | INFO | Processed JSON message: {'timestamp': '2025-09-09T05:54:43.649482', 'temperature': 88.4}
2025-09-09 00:54:43 | INFO | Rolling window size: 10
2025-09-09 00:54:43 | INFO | Max stall temperature range: 0.2 F
2025-09-09 00:54:48 | INFO | Processed JSON message: {'timestamp': '2025-09-09T05:54:48.658047', 'temperature': 88.8}
2025-09-09 00:54:48 | INFO | Rolling window size: 10
2025-09-09 00:54:48 | INFO | Max stall temperature range: 0.2 F
2025-09-09 00:54:53 | INFO | Processed JSON message: {'timestamp': '2025-09-09T05:54:53.666439', 'temperature': 89.2}
2025-09-09 00:54:53 | INFO | Rolling window size: 10
2025-09-09 00:54:53 | INFO | Max stall temperature range: 0.2 F
2025-09-09 00:54:58 | INFO | Processed JSON message: {'timestamp': '2025-09-09T05:54:58.670019', 'temperature': 89.6}
2025-09-09 00:54:58 | INFO | Rolling window size: 10
2025-09-09 00:54:58 | INFO | Max stall temperature range: 0.2 F
2025-09-09 00:55:03 | INFO | Processed JSON message: {'timestamp': '2025-09-09T05:55:03.678368', 'temperature': 90.0}
2025-09-09 00:55:03 | INFO | Rolling window size: 10
2025-09-09 00:55:03 | INFO | Max stall temperature range: 0.2 F
2025-09-09 00:55:08 | INFO | Processed JSON message: {'timestamp': '2025-09-09T05:55:08.686835', 'temperature': 90.4}
2025-09-09 00:55:08 | INFO | Rolling window size: 10
2025-09-09 00:55:08 | INFO | Max stall temperature range: 0.2 F
2025-09-09 00:55:13 | INFO | Processed JSON message: {'timestamp': '2025-09-09T05:55:13.693528', 'temperature': 90.8}
2025-09-09 00:55:13 | INFO | Rolling window size: 10
2025-09-09 00:55:13 | INFO | Max stall temperature range: 0.2 F
2025-09-09 00:55:18 | INFO | Processed JSON message: {'timestamp': '2025-09-09T05:55:18.701374', 'temperature': 91.2}
2025-09-09 00:55:18 | INFO | Rolling window size: 10
2025-09-09 00:55:18 | INFO | Max stall temperature range: 0.2 F
2025-09-09 00:55:23 | INFO | Processed JSON message: {'timestamp': '2025-09-09T05:55:23.710059', 'temperature': 91.6}
2025-09-09 00:55:23 | INFO | Rolling window size: 10
2025-09-09 00:55:23 | INFO | Max stall temperature range: 0.2 F
2025-09-09 00:55:28 | INFO | Processed JSON message: {'timestamp': '2025-09-09T05:55:28.715609', 'temperature': 92.0}
2025-09-09 00:55:28 | INFO | Rolling window size: 10
2025-09-09 00:55:28 | INFO | Max stall temperature range: 0.2 F
2025-09-09 00:55:33 | INFO | Processed JSON message: {'timestamp': '2025-09-09T05:55:33.722549', 'temperature': 92.4}
2025-09-09 00:55:33 | INFO | Rolling window size: 10
2025-09-09 00:55:33 | INFO | Max stall temperature range: 0.2 F
2025-09-09 00:55:38 | INFO | Processed JSON message: {'timestamp': '2025-09-09T05:55:38.731147', 'temperature': 92.8}
2025-09-09 00:55:38 | INFO | Rolling window size: 10
2025-09-09 00:55:38 | INFO | Max stall temperature range: 0.2 F
2025-09-09 00:55:43 | INFO | Processed JSON message: {'timestamp': '2025-09-09T05:55:43.734505', 'temperature': 93.2}
2025-09-09 00:55:43 | INFO | Rolling window size: 10
2025-09-09 00:55:43 | INFO | Max stall temperature range: 0.2 F
2025-09-09 00:55:48 | INFO | Processed JSON message: {'timestamp': '2025-09-09T05:55:48.742522', 'temperature': 93.6}
2025-09-09 00:55:48 | INFO | Rolling window size: 10
2025-09-09 00:55:48 | INFO | Max stall temperature range: 0.2 F
2025-09-09 00:55:53 | INFO | Processed JSON message: {'timestamp': '2025-09-09T05:55:53.749423', 'temperature': 94.0}
2025-09-09 00:55:53 | INFO | Rolling window size: 10
2025-09-09 00:55:53 | INFO | Max stall temperature range: 0.2 F
2025-09-09 00:55:55 | WARNING | Consumer interrupted by user.
2025-09-09 00:55:55 | INFO | Kafka consumer for topic 'smoker_csv' closed.
