2025-09-09 00:38:16 | INFO | STALL DETECTED at 2025-09-09T05:38:16.554498: Temp stable at 142.0°F over last 10 readings.
2025-09-09 00:40:48 | INFO | Processed JSON message: {'timestamp': '2025-09-09T05:40:48.497434', 'temperature': 142.2}
2025-09-09 00:40:48 | INFO | Rolling window size: 10
2025-09-09 00:40:48 | INFO | Max stall temperature range: 0.2 F
2025-09-09 00:40:48 | INFO | STALL DETECTED at 2025-09-09T05:40:48.497434: Temp stable at 142.2°F over last 10 readings.
2025-09-09 00:40:53 | INFO | Processed JSON message: {'timestamp': '2025-09-09T05:40:53.505269', 'temperature': 142.0}
2025-09-09 00:40:53 | INFO | Rolling window size: 10
2025-09-09 00:40:53 | INFO | Max stall temperature range: 0.2 F
2025-09-09 00:40:53 | INFO | STALL DETECTED at 2025-09-09T05:40:53.505269: Temp stable at 142.0°F over last 10 readings.
2025-09-09 00:41:03 | INFO | Processed JSON message: {'timestamp': '2025-09-09T05:41:03.886839', 'temperature': 142.2}
2025-09-09 00:41:03 | INFO | Rolling window size: 10
2025-09-09 00:41:03 | INFO | Max stall temperature range: 0.2 F
2025-09-09 00:41:03 | INFO | STALL DETECTED at 2025-09-09T05:41:03.886839: Temp stable at 142.2°F over last 10 readings.
2025-09-09 00:43:22 | INFO | Processed JSON message: {'timestamp': '2025-09-09T05:43:22.530857', 'temperature': 142.0}
2025-09-09 00:43:22 | INFO | Rolling window size: 10
2025-09-09 00:43:22 | INFO | Max stall temperature range: 0.2 F
2025-09-09 00:43:22 | INFO | STALL DETECTED at 2025-09-09T05:43:22.530857: Temp stable at 142.0°F over last 10 readings.
2025-09-09 00:43:27 | INFO | Processed JSON message: {'timestamp': '2025-09-09T05:43:27.542559', 'temperature': 142.2}
2025-09-09 00:43:27 | INFO | Rolling window size: 10
2025-09-09 00:43:27 | INFO | Max stall temperature range: 0.2 F
2025-09-09 00:43:27 | INFO | STALL DETECTED at 2025-09-09T05:43:27.542559: Temp stable at 142.2°F over last 10 readings.
2025-09-09 00:43:34 | INFO | Processed JSON message: {'timestamp': '2025-09-09T05:43:34.305715', 'temperature': 142.0}
2025-09-09 00:43:34 | INFO | Rolling window size: 10
2025-09-09 00:43:34 | INFO | Max stall temperature range: 0.2 F
2025-09-09 00:43:34 | INFO | STALL DETECTED at 2025-09-09T05:43:34.305715: Temp stable at 142.0°F over last 10 readings.
2025-09-09 00:46:14 | INFO | Processed JSON message: {'timestamp': '2025-09-09T05:46:14.320577', 'temperature': 142.2}
2025-09-09 00:46:14 | INFO | Rolling window size: 10
2025-09-09 00:46:14 | INFO | Max stall temperature range: 0.2 F
2025-09-09 00:46:14 | INFO | STALL DETECTED at 2025-09-09T05:46:14.320577: Temp stable at 142.2°F over last 10 readings.
2025-09-09 00:46:19 | INFO | Processed JSON message: {'timestamp': '2025-09-09T05:46:19.333716', 'temperature': 142.0}
2025-09-09 00:46:19 | INFO | Rolling window size: 10
2025-09-09 00:46:19 | INFO | Max stall temperature range: 0.2 F
2025-09-09 00:46:19 | INFO | STALL DETECTED at 2025-09-09T05:46:19.333716: Temp stable at 142.0°F over last 10 readings.
2025-09-09 00:47:09 | INFO | Processed JSON message: {'timestamp': '2025-09-09T05:47:09.266984', 'temperature': 142.2}
2025-09-09 00:47:09 | INFO | Rolling window size: 10
2025-09-09 00:47:09 | INFO | Max stall temperature range: 0.2 F
2025-09-09 00:47:09 | INFO | STALL DETECTED at 2025-09-09T05:47:09.266984: Temp stable at 142.2°F over last 10 readings.
2025-09-09 00:47:14 | INFO | Processed JSON message: {'timestamp': '2025-09-09T05:47:14.281271', 'temperature': 142.0}
2025-09-09 00:47:14 | INFO | Rolling window size: 10
2025-09-09 00:47:14 | INFO | Max stall temperature range: 0.2 F
2025-09-09 00:47:14 | INFO | STALL DETECTED at 2025-09-09T05:47:14.281271: Temp stable at 142.0°F over last 10 readings.
2025-09-09 00:48:20 | INFO | Processed JSON message: {'timestamp': '2025-09-09T05:48:20.827954', 'temperature': 142.2}
2025-09-09 00:48:20 | INFO | Rolling window size: 10
2025-09-09 00:48:20 | INFO | Max stall temperature range: 0.2 F
2025-09-09 00:48:20 | INFO | STALL DETECTED at 2025-09-09T05:48:20.827954: Temp stable at 142.2°F over last 10 readings.
2025-09-09 00:48:25 | INFO | Processed JSON message: {'timestamp': '2025-09-09T05:48:25.841442', 'temperature': 142.0}
2025-09-09 00:48:25 | INFO | Rolling window size: 10
2025-09-09 00:48:25 | INFO | Max stall temperature range: 0.2 F
2025-09-09 00:48:25 | INFO | STALL DETECTED at 2025-09-09T05:48:25.841442: Temp stable at 142.0°F over last 10 readings.
2025-09-09 00:49:18 | INFO | Processed JSON message: {'timestamp': '2025-09-09T05:49:18.160550', 'temperature': 142.2}
2025-09-09 00:49:18 | INFO | Rolling window size: 10
2025-09-09 00:49:18 | INFO | Max stall temperature range: 0.2 F
2025-09-09 00:49:18 | INFO | STALL DETECTED at 2025-09-09T05:49:18.160550: Temp stable at 142.2°F over last 10 readings.
2025-09-09 00:49:23 | INFO | Processed JSON message: {'timestamp': '2025-09-09T05:49:23.173226', 'temperature': 142.0}
2025-09-09 00:49:23 | INFO | Rolling window size: 10
2025-09-09 00:49:23 | INFO | Max stall temperature range: 0.2 F
2025-09-09 00:49:23 | INFO | STALL DETECTED at 2025-09-09T05:49:23.173226: Temp stable at 142.0°F over last 10 readings.
2025-09-09 00:49:28 | INFO | Processed JSON message: {'timestamp': '2025-09-09T05:49:28.186679', 'temperature': 142.2}
2025-09-09 00:49:28 | INFO | Rolling window size: 10
2025-09-09 00:49:28 | INFO | Max stall temperature range: 0.2 F
2025-09-09 00:49:28 | INFO | STALL DETECTED at 2025-09-09T05:49:28.186679: Temp stable at 142.2°F over last 10 readings.
2025-09-09 00:49:33 | INFO | Processed JSON message: {'timestamp': '2025-09-09T05:49:33.194463', 'temperature': 142.0}
2025-09-09 00:49:33 | INFO | Rolling window size: 10
2025-09-09 00:49:33 | INFO | Max stall temperature range: 0.2 F
2025-09-09 00:49:33 | INFO | STALL DETECTED at 2025-09-09T05:49:33.194463: Temp stable at 142.0°F over last 10 readings.
2025-09-09 00:49:38 | INFO | Processed JSON message: {'timestamp': '2025-09-09T05:49:38.206994', 'temperature': 142.2}
2025-09-09 00:49:38 | INFO | Rolling window size: 10
2025-09-09 00:49:38 | INFO | Max stall temperature range: 0.2 F
2025-09-09 00:49:38 | INFO | STALL DETECTED at 2025-09-09T05:49:38.206994: Temp stable at 142.2°F over last 10 readings.
2025-09-09 00:49:43 | INFO | Processed JSON message: {'timestamp': '2025-09-09T05:49:43.211620', 'temperature': 142.0}
2025-09-09 00:49:43 | INFO | Rolling window size: 10
2025-09-09 00:49:43 | INFO | Max stall temperature range: 0.2 F
2025-09-09 00:49:43 | INFO | STALL DETECTED at 2025-09-09T05:49:43.211620: Temp stable at 142.0°F over last 10 readings.
2025-09-09 00:49:48 | INFO | Processed JSON message: {'timestamp': '2025-09-09T05:49:48.219513', 'temperature': 142.2}
2025-09-09 00:49:48 | INFO | Rolling window size: 10
2025-09-09 00:49:48 | INFO | Max stall temperature range: 0.2 F
2025-09-09 00:49:48 | INFO | STALL DETECTED at 2025-09-09T05:49:48.219513: Temp stable at 142.2°F over last 10 readings.
2025-09-09 00:49:53 | INFO | Processed JSON message: {'timestamp': '2025-09-09T05:49:53.228515', 'temperature': 142.0}
2025-09-09 00:49:53 | INFO | Rolling window size: 10
2025-09-09 00:49:53 | INFO | Max stall temperature range: 0.2 F
2025-09-09 00:49:53 | INFO | STALL DETECTED at 2025-09-09T05:49:53.228515: Temp stable at 142.0°F over last 10 readings.
2025-09-09 00:49:58 | INFO | Processed JSON message: {'timestamp': '2025-09-09T05:49:58.237295', 'temperature': 142.2}
2025-09-09 00:49:58 | INFO | Rolling window size: 10
2025-09-09 00:49:58 | INFO | Max stall temperature range: 0.2 F
2025-09-09 00:49:58 | INFO | STALL DETECTED at 2025-09-09T05:49:58.237295: Temp stable at 142.2°F over last 10 readings.
2025-09-09 00:50:03 | INFO | Processed JSON message: {'timestamp': '2025-09-09T05:50:03.245722', 'temperature': 142.0}
2025-09-09 00:50:03 | INFO | Rolling window size: 10
2025-09-09 00:50:03 | INFO | Max stall temperature range: 0.2 F
2025-09-09 00:50:03 | INFO | STALL DETECTED at 2025-09-09T05:50:03.245722: Temp stable at 142.0°F over last 10 readings.
2025-09-09 00:50:08 | INFO | Processed JSON message: {'timestamp': '2025-09-09T05:50:08.253174', 'temperature': 142.2}
2025-09-09 00:50:08 | INFO | Rolling window size: 10
2025-09-09 00:50:08 | INFO | Max stall temperature range: 0.2 F
2025-09-09 00:50:08 | INFO | STALL DETECTED at 2025-09-09T05:50:08.253174: Temp stable at 142.2°F over last 10 readings.
2025-09-09 00:50:13 | INFO | Processed JSON message: {'timestamp': '2025-09-09T05:50:13.260555', 'temperature': 142.0}
2025-09-09 00:50:13 | INFO | Rolling window size: 10
2025-09-09 00:50:13 | INFO | Max stall temperature range: 0.2 F
2025-09-09 00:50:13 | INFO | STALL DETECTED at 2025-09-09T05:50:13.260555: Temp stable at 142.0°F over last 10 readings.
2025-09-09 00:50:18 | INFO | Processed JSON message: {'timestamp': '2025-09-09T05:50:18.268138', 'temperature': 142.2}
2025-09-09 00:50:18 | INFO | Rolling window size: 10
2025-09-09 00:50:18 | INFO | Max stall temperature range: 0.2 F
2025-09-09 00:50:18 | INFO | STALL DETECTED at 2025-09-09T05:50:18.268138: Temp stable at 142.2°F over last 10 readings.
2025-09-09 00:50:23 | INFO | Processed JSON message: {'timestamp': '2025-09-09T05:50:23.274914', 'temperature': 142.0}
2025-09-09 00:50:23 | INFO | Rolling window size: 10
2025-09-09 00:50:23 | INFO | Max stall temperature range: 0.2 F
2025-09-09 00:50:23 | INFO | STALL DETECTED at 2025-09-09T05:50:23.274914: Temp stable at 142.0°F over last 10 readings.
2025-09-09 00:50:28 | INFO | Processed JSON message: {'timestamp': '2025-09-09T05:50:28.284216', 'temperature': 142.2}
2025-09-09 00:50:28 | INFO | Rolling window size: 10
2025-09-09 00:50:28 | INFO | Max stall temperature range: 0.2 F
2025-09-09 00:50:28 | INFO | STALL DETECTED at 2025-09-09T05:50:28.284216: Temp stable at 142.2°F over last 10 readings.
2025-09-09 00:50:33 | INFO | Processed JSON message: {'timestamp': '2025-09-09T05:50:33.289209', 'temperature': 142.0}
2025-09-09 00:50:33 | INFO | Rolling window size: 10
2025-09-09 00:50:33 | INFO | Max stall temperature range: 0.2 F
2025-09-09 00:50:33 | INFO | STALL DETECTED at 2025-09-09T05:50:33.289209: Temp stable at 142.0°F over last 10 readings.
2025-09-09 00:50:38 | INFO | Processed JSON message: {'timestamp': '2025-09-09T05:50:38.296276', 'temperature': 142.2}
2025-09-09 00:50:38 | INFO | Rolling window size: 10
2025-09-09 00:50:38 | INFO | Max stall temperature range: 0.2 F
2025-09-09 00:50:38 | INFO | STALL DETECTED at 2025-09-09T05:50:38.296276: Temp stable at 142.2°F over last 10 readings.
2025-09-09 00:50:43 | INFO | Processed JSON message: {'timestamp': '2025-09-09T05:50:43.302434', 'temperature': 142.0}
2025-09-09 00:50:43 | INFO | Rolling window size: 10
2025-09-09 00:50:43 | INFO | Max stall temperature range: 0.2 F
2025-09-09 00:50:43 | INFO | STALL DETECTED at 2025-09-09T05:50:43.302434: Temp stable at 142.0°F over last 10 readings.
2025-09-09 00:50:48 | INFO | Processed JSON message: {'timestamp': '2025-09-09T05:50:48.307482', 'temperature': 142.2}
2025-09-09 00:50:48 | INFO | Rolling window size: 10
2025-09-09 00:50:48 | INFO | Max stall temperature range: 0.2 F
2025-09-09 00:50:48 | INFO | STALL DETECTED at 2025-09-09T05:50:48.307482: Temp stable at 142.2°F over last 10 readings.
2025-09-09 00:50:53 | INFO | Processed JSON message: {'timestamp': '2025-09-09T05:50:53.316759', 'temperature': 142.0}
2025-09-09 00:50:53 | INFO | Rolling window size: 10
2025-09-09 00:50:53 | INFO | Max stall temperature range: 0.2 F
2025-09-09 00:50:53 | INFO | STALL DETECTED at 2025-09-09T05:50:53.316759: Temp stable at 142.0°F over last 10 readings.
2025-09-09 00:50:58 | INFO | Processed JSON message: {'timestamp': '2025-09-09T05:50:58.327573', 'temperature': 70.4}
2025-09-09 00:50:58 | INFO | Rolling window size: 10
2025-09-09 00:50:58 | INFO | Max stall temperature range: 0.2 F
2025-09-09 00:51:03 | INFO | Processed JSON message: {'timestamp': '2025-09-09T05:51:03.329958', 'temperature': 70.8}
2025-09-09 00:51:03 | INFO | Rolling window size: 10
2025-09-09 00:51:03 | INFO | Max stall temperature range: 0.2 F
2025-09-09 00:51:08 | INFO | Processed JSON message: {'timestamp': '2025-09-09T05:51:08.338742', 'temperature': 71.2}
2025-09-09 00:51:08 | INFO | Rolling window size: 10
2025-09-09 00:51:08 | INFO | Max stall temperature range: 0.2 F
2025-09-09 00:51:13 | INFO | Processed JSON message: {'timestamp': '2025-09-09T05:51:13.346484', 'temperature': 71.6}
2025-09-09 00:51:13 | INFO | Rolling window size: 10
2025-09-09 00:51:13 | INFO | Max stall temperature range: 0.2 F
2025-09-09 00:51:18 | INFO | Processed JSON message: {'timestamp': '2025-09-09T05:51:18.354210', 'temperature': 72.0}
2025-09-09 00:51:18 | INFO | Rolling window size: 10
2025-09-09 00:51:18 | INFO | Max stall temperature range: 0.2 F
2025-09-09 00:51:23 | INFO | Processed JSON message: {'timestamp': '2025-09-09T05:51:23.361003', 'temperature': 72.4}
2025-09-09 00:51:23 | INFO | Rolling window size: 10
2025-09-09 00:51:23 | INFO | Max stall temperature range: 0.2 F
2025-09-09 00:51:28 | INFO | Processed JSON message: {'timestamp': '2025-09-09T05:51:28.369197', 'temperature': 72.8}
2025-09-09 00:51:28 | INFO | Rolling window size: 10
2025-09-09 00:51:28 | INFO | Max stall temperature range: 0.2 F
2025-09-09 00:51:33 | INFO | Processed JSON message: {'timestamp': '2025-09-09T05:51:33.373825', 'temperature': 73.2}
2025-09-09 00:51:33 | INFO | Rolling window size: 10
2025-09-09 00:51:33 | INFO | Max stall temperature range: 0.2 F
2025-09-09 00:51:38 | INFO | Processed JSON message: {'timestamp': '2025-09-09T05:51:38.381951', 'temperature': 73.6}
2025-09-09 00:51:38 | INFO | Rolling window size: 10
2025-09-09 00:51:38 | INFO | Max stall temperature range: 0.2 F
2025-09-09 00:51:43 | INFO | Processed JSON message: {'timestamp': '2025-09-09T05:51:43.386076', 'temperature': 74.0}
2025-09-09 00:51:43 | INFO | Rolling window size: 10
2025-09-09 00:51:43 | INFO | Max stall temperature range: 0.2 F
2025-09-09 00:51:48 | INFO | Processed JSON message: {'timestamp': '2025-09-09T05:51:48.392545', 'temperature': 74.4}
2025-09-09 00:51:48 | INFO | Rolling window size: 10
2025-09-09 00:51:48 | INFO | Max stall temperature range: 0.2 F
2025-09-09 00:51:53 | INFO | Processed JSON message: {'timestamp': '2025-09-09T05:51:53.397264', 'temperature': 74.8}
2025-09-09 00:51:53 | INFO | Rolling window size: 10
2025-09-09 00:51:53 | INFO | Max stall temperature range: 0.2 F
2025-09-09 00:51:58 | INFO | Processed JSON message: {'timestamp': '2025-09-09T05:51:58.405548', 'temperature': 75.2}
2025-09-09 00:51:58 | INFO | Rolling window size: 10
2025-09-09 00:51:58 | INFO | Max stall temperature range: 0.2 F
2025-09-09 00:52:03 | INFO | Processed JSON message: {'timestamp': '2025-09-09T05:52:03.414022', 'temperature': 75.6}
2025-09-09 00:52:03 | INFO | Rolling window size: 10
2025-09-09 00:52:03 | INFO | Max stall temperature range: 0.2 F
2025-09-09 00:52:08 | INFO | Processed JSON message: {'timestamp': '2025-09-09T05:52:08.418447', 'temperature': 76.0}
2025-09-09 00:52:08 | INFO | Rolling window size: 10
2025-09-09 00:52:08 | INFO | Max stall temperature range: 0.2 F
2025-09-09 00:52:13 | INFO | Processed JSON message: {'timestamp': '2025-09-09T05:52:13.424332', 'temperature': 76.4}
2025-09-09 00:52:13 | INFO | Rolling window size: 10
2025-09-09 00:52:13 | INFO | Max stall temperature range: 0.2 F
2025-09-09 00:52:18 | INFO | Processed JSON message: {'timestamp': '2025-09-09T05:52:18.432265', 'temperature': 76.8}
2025-09-09 00:52:18 | INFO | Rolling window size: 10
2025-09-09 00:52:18 | INFO | Max stall temperature range: 0.2 F
2025-09-09 00:52:23 | INFO | Processed JSON message: {'timestamp': '2025-09-09T05:52:23.438255', 'temperature': 77.2}
2025-09-09 00:52:23 | INFO | Rolling window size: 10
2025-09-09 00:52:23 | INFO | Max stall temperature range: 0.2 F
2025-09-09 00:52:28 | INFO | Processed JSON message: {'timestamp': '2025-09-09T05:52:28.445444', 'temperature': 77.6}
2025-09-09 00:52:28 | INFO | Rolling window size: 10
2025-09-09 00:52:28 | INFO | Max stall temperature range: 0.2 F
2025-09-09 00:52:33 | INFO | Processed JSON message: {'timestamp': '2025-09-09T05:52:33.450563', 'temperature': 78.0}
2025-09-09 00:52:33 | INFO | Rolling window size: 10
2025-09-09 00:52:33 | INFO | Max stall temperature range: 0.2 F
2025-09-09 00:52:38 | INFO | Processed JSON message: {'timestamp': '2025-09-09T05:52:38.457068', 'temperature': 78.4}
2025-09-09 00:52:38 | INFO | Rolling window size: 10
2025-09-09 00:52:38 | INFO | Max stall temperature range: 0.2 F
2025-09-09 00:52:43 | INFO | Processed JSON message: {'timestamp': '2025-09-09T05:52:43.465438', 'temperature': 78.8}
2025-09-09 00:52:43 | INFO | Rolling window size: 10
2025-09-09 00:52:43 | INFO | Max stall temperature range: 0.2 F
2025-09-09 00:52:48 | INFO | Processed JSON message: {'timestamp': '2025-09-09T05:52:48.474159', 'temperature': 79.2}
2025-09-09 00:52:48 | INFO | Rolling window size: 10
2025-09-09 00:52:48 | INFO | Max stall temperature range: 0.2 F
2025-09-09 00:52:53 | INFO | Processed JSON message: {'timestamp': '2025-09-09T05:52:53.480988', 'temperature': 79.6}
2025-09-09 00:52:53 | INFO | Rolling window size: 10
2025-09-09 00:52:53 | INFO | Max stall temperature range: 0.2 F
2025-09-09 00:52:58 | INFO | Processed JSON message: {'timestamp': '2025-09-09T05:52:58.489411', 'temperature': 80.0}
2025-09-09 00:52:58 | INFO | Rolling window size: 10
2025-09-09 00:52:58 | INFO | Max stall temperature range: 0.2 F
2025-09-09 00:53:03 | INFO | Processed JSON message: {'timestamp': '2025-09-09T05:53:03.497844', 'temperature': 80.4}
2025-09-09 00:53:03 | INFO | Rolling window size: 10
2025-09-09 00:53:03 | INFO | Max stall temperature range: 0.2 F
2025-09-09 00:53:08 | INFO | Processed JSON message: {'timestamp': '2025-09-09T05:53:08.504514', 'temperature': 80.8}
2025-09-09 00:53:08 | INFO | Rolling window size: 10
2025-09-09 00:53:08 | INFO | Max stall temperature range: 0.2 F
2025-09-09 00:53:13 | INFO | Processed JSON message: {'timestamp': '2025-09-09T05:53:13.510865', 'temperature': 81.2}
2025-09-09 00:53:13 | INFO | Rolling window size: 10
2025-09-09 00:53:13 | INFO | Max stall temperature range: 0.2 F
2025-09-09 00:53:18 | INFO | Processed JSON message: {'timestamp': '2025-09-09T05:53:18.519809', 'temperature': 81.6}
2025-09-09 00:53:18 | INFO | Rolling window size: 10
2025-09-09 00:53:18 | INFO | Max stall temperature range: 0.2 F
2025-09-09 00:53:23 | INFO | Processed JSON message: {'timestamp': '2025-09-09T05:53:23.528066', 'temperature': 82.0}
2025-09-09 00:53:23 | INFO | Rolling window size: 10
2025-09-09 00:53:23 | INFO | Max stall temperature range: 0.2 F
2025-09-09 00:53:28 | INFO | Processed JSON message: {'timestamp': '2025-09-09T05:53:28.533904', 'temperature': 82.4}
2025-09-09 00:53:28 | INFO | Rolling window size: 10
2025-09-09 00:53:28 | INFO | Max stall temperature range: 0.2 F
2025-09-09 00:53:33 | INFO | Processed JSON message: {'timestamp': '2025-09-09T05:53:33.540471', 'temperature': 82.8}
2025-09-09 00:53:33 | INFO | Rolling window size: 10
2025-09-09 00:53:33 | INFO | Max stall temperature range: 0.2 F
2025-09-09 00:53:38 | INFO | Processed JSON message: {'timestamp': '2025-09-09T05:53:38.548786', 'temperature': 83.2}
2025-09-09 00:53:38 | INFO | Rolling window size: 10
2025-09-09 00:53:38 | INFO | Max stall temperature range: 0.2 F
2025-09-09 00:53:43 | INFO | Processed JSON message: {'timestamp': '2025-09-09T05:53:43.558388', 'temperature': 83.6}
2025-09-09 00:53:43 | INFO | Rolling window size: 10
2025-09-09 00:53:43 | INFO | Max stall temperature range: 0.2 F
2025-09-09 00:53:48 | INFO | Processed JSON message: {'timestamp': '2025-09-09T05:53:48.562586', 'temperature': 84.0}
2025-09-09 00:53:48 | INFO | Rolling window size: 10
2025-09-09 00:53:48 | INFO | Max stall temperature range: 0.2 F
2025-09-09 00:53:53 | INFO | Processed JSON message: {'timestamp': '2025-09-09T05:53:53.567943', 'temperature': 84.4}
2025-09-09 00:53:53 | INFO | Rolling window size: 10
2025-09-09 00:53:53 | INFO | Max stall temperature range: 0.2 F
2025-09-09 00:53:58 | INFO | Processed JSON message: {'timestamp': '2025-09-09T05:53:58.576099', 'temperature': 84.8}
2025-09-09 00:53:58 | INFO | Rolling window size: 10
2025-09-09 00:53:58 | INFO | Max stall temperature range: 0.2 F
2025-09-09 00:54:03 | INFO | Processed JSON message: {'timestamp': '2025-09-09T05:54:03.583287', 'temperature': 85.2}
2025-09-09 00:54:03 | INFO | Rolling window size: 10
2025-09-09 00:54:03 | INFO | Max stall temperature range: 0.2 F
2025-09-09 00:54:08 | INFO | Processed JSON message: {'timestamp': '2025-09-09T05:54:08.592082', 'temperature': 85.6}
2025-09-09 00:54:08 | INFO | Rolling window size: 10
2025-09-09 00:54:08 | INFO | Max stall temperature range: 0.2 F
2025-09-09 00:54:13 | INFO | Processed JSON message: {'timestamp': '2025-09-09T05:54:13.599591', 'temperature': 86.0}
2025-09-09 00:54:13 | INFO | Rolling window size: 10
2025-09-09 00:54:13 | INFO | Max stall temperature range: 0.2 F
2025-09-09 00:54:18 | INFO | Processed JSON message: {'timestamp': '2025-09-09T05:54:18.607736', 'temperature': 86.4}
2025-09-09 00:54:18 | INFO | Rolling window size: 10
2025-09-09 00:54:18 | INFO | Max stall temperature range: 0.2 F
2025-09-09 00:54:23 | INFO | Processed JSON message: {'timestamp': '2025-09-09T05:54:23.617097', 'temperature': 86.8}
2025-09-09 00:54:23 | INFO | Rolling window size: 10
2025-09-09 00:54:23 | INFO | Max stall temperature range: 0.2 F
2025-09-09 00:54:28 | INFO | Processed JSON message: {'timestamp': '2025-09-09T05:54:28.625622', 'temperature': 87.2}
2025-09-09 00:54:28 | INFO | Rolling window size: 10
2025-09-09 00:54:28 | INFO | Max stall temperature range: 0.2 F
2025-09-09 00:54:33 | INFO | Processed JSON message: {'timestamp': '2025-09-09T05:54:33.633149', 'temperature': 87.6}
2025-09-09 00:54:33 | INFO | Rolling window size: 10
2025-09-09 00:54:33 | INFO | Max stall temperature range: 0.2 F
2025-09-09 00:54:38 | INFO | Processed JSON message: {'timestamp': '2025-09-09T05:54:38.640905', 'temperature': 88.0}
2025-09-09 00:54:38 | INFO | Rolling window size: 10
2025-09-09 00:54:38 | INFO | Max stall temperature range: 0.2 F
2025-09-09 00:54:43 | INFO | Processed JSON message: {'timestamp': '2025-09-09T05:54:43.649482', 'temperature': 88.4}
2025-09-09 00:54:43 | INFO | Rolling window size: 10
2025-09-09 00:54:43 | INFO | Max stall temperature range: 0.2 F
2025-09-09 00:54:48 | INFO | Processed JSON message: {'timestamp': '2025-09-09T05:54:48.658047', 'temperature': 88.8}
2025-09-09 00:54:48 | INFO | Rolling window size: 10
2025-09-09 00:54:48 | INFO | Max stall temperature range: 0.2 F
2025-09-09 00:54:53 | INFO | Processed JSON message: {'timestamp': '2025-09-09T05:54:53.666439', 'temperature': 89.2}
2025-09-09 00:54:53 | INFO | Rolling window size: 10
2025-09-09 00:54:53 | INFO | Max stall temperature range: 0.2 F
2025-09-09 00:54:58 | INFO | Processed JSON message: {'timestamp': '2025-09-09T05:54:58.670019', 'temperature': 89.6}
2025-09-09 00:54:58 | INFO | Rolling window size: 10
2025-09-09 00:54:58 | INFO | Max stall temperature range: 0.2 F
2025-09-09 00:55:03 | INFO | Processed JSON message: {'timestamp': '2025-09-09T05:55:03.678368', 'temperature': 90.0}
2025-09-09 00:55:03 | INFO | Rolling window size: 10
2025-09-09 00:55:03 | INFO | Max stall temperature range: 0.2 F
2025-09-09 00:55:08 | INFO | Processed JSON message: {'timestamp': '2025-09-09T05:55:08.686835', 'temperature': 90.4}
2025-09-09 00:55:08 | INFO | Rolling window size: 10
2025-09-09 00:55:08 | INFO | Max stall temperature range: 0.2 F
2025-09-09 00:55:13 | INFO | Processed JSON message: {'timestamp': '2025-09-09T05:55:13.693528', 'temperature': 90.8}
2025-09-09 00:55:13 | INFO | Rolling window size: 10
2025-09-09 00:55:13 | INFO | Max stall temperature range: 0.2 F
2025-09-09 00:55:18 | INFO | Processed JSON message: {'timestamp': '2025-09-09T05:55:18.701374', 'temperature': 91.2}
2025-09-09 00:55:18 | INFO | Rolling window size: 10
2025-09-09 00:55:18 | INFO | Max stall temperature range: 0.2 F
2025-09-09 00:55:23 | INFO | Processed JSON message: {'timestamp': '2025-09-09T05:55:23.710059', 'temperature': 91.6}
2025-09-09 00:55:23 | INFO | Rolling window size: 10
2025-09-09 00:55:23 | INFO | Max stall temperature range: 0.2 F
2025-09-09 00:55:28 | INFO | Processed JSON message: {'timestamp': '2025-09-09T05:55:28.715609', 'temperature': 92.0}
2025-09-09 00:55:28 | INFO | Rolling window size: 10
2025-09-09 00:55:28 | INFO | Max stall temperature range: 0.2 F
2025-09-09 00:55:33 | INFO | Processed JSON message: {'timestamp': '2025-09-09T05:55:33.722549', 'temperature': 92.4}
2025-09-09 00:55:33 | INFO | Rolling window size: 10
2025-09-09 00:55:33 | INFO | Max stall temperature range: 0.2 F
2025-09-09 00:55:38 | INFO | Processed JSON message: {'timestamp': '2025-09-09T05:55:38.731147', 'temperature': 92.8}
2025-09-09 00:55:38 | INFO | Rolling window size: 10
2025-09-09 00:55:38 | INFO | Max stall temperature range: 0.2 F
2025-09-09 00:55:43 | INFO | Processed JSON message: {'timestamp': '2025-09-09T05:55:43.734505', 'temperature': 93.2}
2025-09-09 00:55:43 | INFO | Rolling window size: 10
2025-09-09 00:55:43 | INFO | Max stall temperature range: 0.2 F
2025-09-09 00:55:48 | INFO | Processed JSON message: {'timestamp': '2025-09-09T05:55:48.742522', 'temperature': 93.6}
2025-09-09 00:55:48 | INFO | Rolling window size: 10
2025-09-09 00:55:48 | INFO | Max stall temperature range: 0.2 F
2025-09-09 00:55:53 | INFO | Processed JSON message: {'timestamp': '2025-09-09T05:55:53.749423', 'temperature': 94.0}
2025-09-09 00:55:53 | INFO | Rolling window size: 10
2025-09-09 00:55:53 | INFO | Max stall temperature range: 0.2 F
2025-09-09 00:55:55 | WARNING | Consumer interrupted by user.
2025-09-09 00:55:55 | INFO | Kafka consumer for topic 'smoker_csv' closed.
2025-09-09 00:57:33 | INFO | Logging to file: logs/project_log.log
2025-09-09 00:57:33 | INFO | Log sanitization enabled, personal info removed
2025-09-09 00:57:33 | INFO | Project root: /Users/USER/Projects/buzzline-03-USER
2025-09-09 00:57:33 | INFO | Data folder: /Users/USER/Projects/buzzline-03-USER/data
2025-09-09 00:57:33 | INFO | Data file: /Users/USER/Projects/buzzline-03-USER/data/buzz.json
2025-09-09 00:57:33 | INFO | START producer.
2025-09-09 00:57:33 | INFO | Kafka broker address: localhost:9092
2025-09-09 00:57:33 | INFO | Kafka is ready. Brokers: {'throttle_time_ms': 0, 'brokers': [{'node_id': 1, 'host': 'localhost', 'port': 9092, 'rack': None}], 'cluster_id': 'LwsdMbqGSlqy8MlIvhUcAg', 'controller_id': 1}
2025-09-09 00:57:33 | INFO | Kafka topic: buzzline_json
2025-09-09 00:57:33 | INFO | Message interval: 1 seconds
2025-09-09 00:57:33 | INFO | Kafka broker address: localhost:9092
2025-09-09 00:57:33 | INFO | Connecting to Kafka broker at localhost:9092...
2025-09-09 00:57:33 | INFO | Kafka producer successfully created.
2025-09-09 00:57:33 | INFO | Kafka broker address: localhost:9092
2025-09-09 00:57:34 | INFO | Topic 'buzzline_json' already exists. Recreating fresh...
2025-09-09 00:57:34 | INFO | Requested deletion of topic 'buzzline_json'.
2025-09-09 00:57:34 | INFO | Topic 'buzzline_json' created successfully.
2025-09-09 00:57:34 | INFO | Kafka topic 'buzzline_json' is ready.
2025-09-09 00:57:34 | INFO | Starting message production to topic 'buzzline_json'...
2025-09-09 00:57:34 | INFO | Opening data file in read mode: /Users/USER/Projects/buzzline-03-USER/data/buzz.json
2025-09-09 00:57:34 | INFO | Reading data from file: /Users/USER/Projects/buzzline-03-USER/data/buzz.json
2025-09-09 00:57:34 | INFO | Sent message to topic 'buzzline_json': {'message': 'Data engineering is my passion.', 'author': 'Eve', 'seq': 1, 'ts': '2025-09-09T05:57:34+00:00', 'source': 'json_producer_USER'}
2025-09-09 00:57:35 | INFO | Sent message to topic 'buzzline_json': {'message': 'Distributed systems are fascinating.', 'author': 'Alice', 'seq': 2, 'ts': '2025-09-09T05:57:35+00:00', 'source': 'json_producer_USER'}
2025-09-09 00:57:36 | INFO | Sent message to topic 'buzzline_json': {'message': 'Have a great day!', 'author': 'Charlie', 'seq': 3, 'ts': '2025-09-09T05:57:36+00:00', 'source': 'json_producer_USER'}
2025-09-09 00:57:37 | INFO | Sent message to topic 'buzzline_json': {'message': 'Data engineering is my passion.', 'author': 'Alice', 'seq': 4, 'ts': '2025-09-09T05:57:37+00:00', 'source': 'json_producer_USER'}
2025-09-09 00:57:38 | INFO | Sent message to topic 'buzzline_json': {'message': 'Distributed systems are fascinating.', 'author': 'Diana', 'seq': 5, 'ts': '2025-09-09T05:57:38+00:00', 'source': 'json_producer_USER'}
2025-09-09 00:57:39 | INFO | Sent message to topic 'buzzline_json': {'message': 'Buzz messages for everyone.', 'author': 'Alice', 'seq': 6, 'ts': '2025-09-09T05:57:39+00:00', 'source': 'json_producer_USER'}
2025-09-09 00:57:40 | INFO | Sent message to topic 'buzzline_json': {'message': 'Hello, Kafka world!', 'author': 'Diana', 'seq': 7, 'ts': '2025-09-09T05:57:40+00:00', 'source': 'json_producer_USER'}
2025-09-09 00:57:41 | INFO | Sent message to topic 'buzzline_json': {'message': 'This is a buzz message.', 'author': 'Eve', 'seq': 8, 'ts': '2025-09-09T05:57:41+00:00', 'source': 'json_producer_USER'}
2025-09-09 00:57:42 | INFO | Sent message to topic 'buzzline_json': {'message': 'JSON makes life easier.', 'author': 'Eve', 'seq': 9, 'ts': '2025-09-09T05:57:42+00:00', 'source': 'json_producer_USER'}
2025-09-09 00:57:43 | INFO | Sent message to topic 'buzzline_json': {'message': 'JSON makes life easier.', 'author': 'Alice', 'seq': 10, 'ts': '2025-09-09T05:57:43+00:00', 'source': 'json_producer_USER'}
2025-09-09 00:57:44 | INFO | Sent message to topic 'buzzline_json': {'message': 'Data engineering is my passion.', 'author': 'Diana', 'seq': 11, 'ts': '2025-09-09T05:57:44+00:00', 'source': 'json_producer_USER'}
2025-09-09 00:57:45 | INFO | Sent message to topic 'buzzline_json': {'message': 'JSON makes life easier.', 'author': 'Diana', 'seq': 12, 'ts': '2025-09-09T05:57:45+00:00', 'source': 'json_producer_USER'}
2025-09-09 00:57:46 | INFO | Sent message to topic 'buzzline_json': {'message': 'Kafka is awesome.', 'author': 'Charlie', 'seq': 13, 'ts': '2025-09-09T05:57:46+00:00', 'source': 'json_producer_USER'}
2025-09-09 00:57:47 | INFO | Sent message to topic 'buzzline_json': {'message': 'JSON makes life easier.', 'author': 'Bob', 'seq': 14, 'ts': '2025-09-09T05:57:47+00:00', 'source': 'json_producer_USER'}
2025-09-09 00:57:48 | INFO | Sent message to topic 'buzzline_json': {'message': 'I love Python!', 'author': 'Bob', 'seq': 15, 'ts': '2025-09-09T05:57:48+00:00', 'source': 'json_producer_USER'}
2025-09-09 00:57:49 | INFO | Sent message to topic 'buzzline_json': {'message': 'This is a buzz message.', 'author': 'Eve', 'seq': 16, 'ts': '2025-09-09T05:57:49+00:00', 'source': 'json_producer_USER'}
2025-09-09 00:57:50 | INFO | Sent message to topic 'buzzline_json': {'message': 'I love Python!', 'author': 'Eve', 'seq': 17, 'ts': '2025-09-09T05:57:50+00:00', 'source': 'json_producer_USER'}
2025-09-09 00:57:51 | INFO | Sent message to topic 'buzzline_json': {'message': 'Buzz messages for everyone.', 'author': 'Alice', 'seq': 18, 'ts': '2025-09-09T05:57:51+00:00', 'source': 'json_producer_USER'}
2025-09-09 00:57:52 | INFO | Sent message to topic 'buzzline_json': {'message': 'This is a buzz message.', 'author': 'Alice', 'seq': 19, 'ts': '2025-09-09T05:57:52+00:00', 'source': 'json_producer_USER'}
2025-09-09 00:57:53 | INFO | Sent message to topic 'buzzline_json': {'message': 'Data engineering is my passion.', 'author': 'Diana', 'seq': 20, 'ts': '2025-09-09T05:57:53+00:00', 'source': 'json_producer_USER'}
2025-09-09 00:57:54 | INFO | Sent message to topic 'buzzline_json': {'message': 'I love Python!', 'author': 'Eve', 'seq': 21, 'ts': '2025-09-09T05:57:54+00:00', 'source': 'json_producer_USER'}
2025-09-09 00:57:55 | INFO | Sent message to topic 'buzzline_json': {'message': 'JSON makes life easier.', 'author': 'Charlie', 'seq': 22, 'ts': '2025-09-09T05:57:55+00:00', 'source': 'json_producer_USER'}
2025-09-09 00:57:56 | INFO | Sent message to topic 'buzzline_json': {'message': 'Have a great day!', 'author': 'Bob', 'seq': 23, 'ts': '2025-09-09T05:57:56+00:00', 'source': 'json_producer_USER'}
2025-09-09 00:57:57 | INFO | Sent message to topic 'buzzline_json': {'message': 'Data engineering is my passion.', 'author': 'Alice', 'seq': 24, 'ts': '2025-09-09T05:57:57+00:00', 'source': 'json_producer_USER'}
2025-09-09 00:57:58 | INFO | Sent message to topic 'buzzline_json': {'message': 'Kafka is awesome.', 'author': 'Diana', 'seq': 25, 'ts': '2025-09-09T05:57:58+00:00', 'source': 'json_producer_USER'}
2025-09-09 00:57:59 | INFO | Sent message to topic 'buzzline_json': {'message': 'Kafka is awesome.', 'author': 'Diana', 'seq': 26, 'ts': '2025-09-09T05:57:59+00:00', 'source': 'json_producer_USER'}
2025-09-09 00:58:00 | INFO | Sent message to topic 'buzzline_json': {'message': 'Hello, Kafka world!', 'author': 'Bob', 'seq': 27, 'ts': '2025-09-09T05:58:00+00:00', 'source': 'json_producer_USER'}
2025-09-09 00:58:01 | INFO | Sent message to topic 'buzzline_json': {'message': 'Distributed systems are fascinating.', 'author': 'Diana', 'seq': 28, 'ts': '2025-09-09T05:58:01+00:00', 'source': 'json_producer_USER'}
2025-09-09 00:58:02 | INFO | Sent message to topic 'buzzline_json': {'message': 'I love Python!', 'author': 'Diana', 'seq': 29, 'ts': '2025-09-09T05:58:02+00:00', 'source': 'json_producer_USER'}
2025-09-09 00:58:03 | INFO | Sent message to topic 'buzzline_json': {'message': 'Have a great day!', 'author': 'Alice', 'seq': 30, 'ts': '2025-09-09T05:58:03+00:00', 'source': 'json_producer_USER'}
2025-09-09 00:58:04 | INFO | Sent message to topic 'buzzline_json': {'message': 'Hello, Kafka world!', 'author': 'Charlie', 'seq': 31, 'ts': '2025-09-09T05:58:04+00:00', 'source': 'json_producer_USER'}
2025-09-09 00:58:05 | INFO | Sent message to topic 'buzzline_json': {'message': 'JSON makes life easier.', 'author': 'Diana', 'seq': 32, 'ts': '2025-09-09T05:58:05+00:00', 'source': 'json_producer_USER'}
2025-09-09 00:58:06 | INFO | Sent message to topic 'buzzline_json': {'message': 'I love Python!', 'author': 'Bob', 'seq': 33, 'ts': '2025-09-09T05:58:06+00:00', 'source': 'json_producer_USER'}
2025-09-09 00:58:07 | INFO | Sent message to topic 'buzzline_json': {'message': 'Have a great day!', 'author': 'Diana', 'seq': 34, 'ts': '2025-09-09T05:58:07+00:00', 'source': 'json_producer_USER'}
2025-09-09 00:58:08 | INFO | Sent message to topic 'buzzline_json': {'message': 'Hello, Kafka world!', 'author': 'Alice', 'seq': 35, 'ts': '2025-09-09T05:58:08+00:00', 'source': 'json_producer_USER'}
2025-09-09 00:58:09 | INFO | Sent message to topic 'buzzline_json': {'message': 'JSON makes life easier.', 'author': 'Alice', 'seq': 36, 'ts': '2025-09-09T05:58:09+00:00', 'source': 'json_producer_USER'}
2025-09-09 00:58:10 | INFO | Sent message to topic 'buzzline_json': {'message': 'Buzz messages for everyone.', 'author': 'Charlie', 'seq': 37, 'ts': '2025-09-09T05:58:10+00:00', 'source': 'json_producer_USER'}
2025-09-09 00:58:11 | INFO | Sent message to topic 'buzzline_json': {'message': 'Buzz messages for everyone.', 'author': 'Bob', 'seq': 38, 'ts': '2025-09-09T05:58:11+00:00', 'source': 'json_producer_USER'}
2025-09-09 00:58:12 | INFO | Sent message to topic 'buzzline_json': {'message': 'Streaming data is fun.', 'author': 'Diana', 'seq': 39, 'ts': '2025-09-09T05:58:12+00:00', 'source': 'json_producer_USER'}
2025-09-09 00:58:13 | INFO | Sent message to topic 'buzzline_json': {'message': 'Have a great day!', 'author': 'Diana', 'seq': 40, 'ts': '2025-09-09T05:58:13+00:00', 'source': 'json_producer_USER'}
2025-09-09 00:58:14 | INFO | Sent message to topic 'buzzline_json': {'message': 'I love Python!', 'author': 'Alice', 'seq': 41, 'ts': '2025-09-09T05:58:14+00:00', 'source': 'json_producer_USER'}
2025-09-09 00:58:15 | INFO | Sent message to topic 'buzzline_json': {'message': 'Streaming data is fun.', 'author': 'Charlie', 'seq': 42, 'ts': '2025-09-09T05:58:15+00:00', 'source': 'json_producer_USER'}
2025-09-09 00:58:16 | INFO | Sent message to topic 'buzzline_json': {'message': 'Kafka is awesome.', 'author': 'Alice', 'seq': 43, 'ts': '2025-09-09T05:58:16+00:00', 'source': 'json_producer_USER'}
2025-09-09 00:58:17 | INFO | Sent message to topic 'buzzline_json': {'message': 'Kafka is awesome.', 'author': 'Diana', 'seq': 44, 'ts': '2025-09-09T05:58:17+00:00', 'source': 'json_producer_USER'}
2025-09-09 00:58:18 | INFO | Sent message to topic 'buzzline_json': {'message': 'Kafka is awesome.', 'author': 'Alice', 'seq': 45, 'ts': '2025-09-09T05:58:18+00:00', 'source': 'json_producer_USER'}
2025-09-09 00:58:19 | INFO | Sent message to topic 'buzzline_json': {'message': 'JSON makes life easier.', 'author': 'Bob', 'seq': 46, 'ts': '2025-09-09T05:58:19+00:00', 'source': 'json_producer_USER'}
2025-09-09 00:58:20 | INFO | Sent message to topic 'buzzline_json': {'message': 'This is a buzz message.', 'author': 'Bob', 'seq': 47, 'ts': '2025-09-09T05:58:20+00:00', 'source': 'json_producer_USER'}
2025-09-09 00:58:21 | INFO | Sent message to topic 'buzzline_json': {'message': 'Streaming data is fun.', 'author': 'Diana', 'seq': 48, 'ts': '2025-09-09T05:58:21+00:00', 'source': 'json_producer_USER'}
2025-09-09 00:58:22 | INFO | Sent message to topic 'buzzline_json': {'message': 'Have a great day!', 'author': 'Bob', 'seq': 49, 'ts': '2025-09-09T05:58:22+00:00', 'source': 'json_producer_USER'}
2025-09-09 00:58:23 | INFO | Sent message to topic 'buzzline_json': {'message': 'This is a buzz message.', 'author': 'Eve', 'seq': 50, 'ts': '2025-09-09T05:58:23+00:00', 'source': 'json_producer_USER'}
2025-09-09 00:58:24 | INFO | Sent message to topic 'buzzline_json': {'message': 'Hello, Kafka world!', 'author': 'Bob', 'seq': 51, 'ts': '2025-09-09T05:58:24+00:00', 'source': 'json_producer_USER'}
2025-09-09 00:58:25 | INFO | Sent message to topic 'buzzline_json': {'message': 'This is a buzz message.', 'author': 'Alice', 'seq': 52, 'ts': '2025-09-09T05:58:25+00:00', 'source': 'json_producer_USER'}
2025-09-09 00:58:26 | INFO | Sent message to topic 'buzzline_json': {'message': 'Streaming data is fun.', 'author': 'Eve', 'seq': 53, 'ts': '2025-09-09T05:58:26+00:00', 'source': 'json_producer_USER'}
2025-09-09 00:58:27 | INFO | Sent message to topic 'buzzline_json': {'message': 'Kafka is awesome.', 'author': 'Alice', 'seq': 54, 'ts': '2025-09-09T05:58:27+00:00', 'source': 'json_producer_USER'}
2025-09-09 00:58:28 | INFO | Sent message to topic 'buzzline_json': {'message': 'JSON makes life easier.', 'author': 'Bob', 'seq': 55, 'ts': '2025-09-09T05:58:28+00:00', 'source': 'json_producer_USER'}
2025-09-09 00:58:29 | INFO | Sent message to topic 'buzzline_json': {'message': 'This is a buzz message.', 'author': 'Charlie', 'seq': 56, 'ts': '2025-09-09T05:58:29+00:00', 'source': 'json_producer_USER'}
2025-09-09 00:58:30 | INFO | Sent message to topic 'buzzline_json': {'message': 'Have a great day!', 'author': 'Diana', 'seq': 57, 'ts': '2025-09-09T05:58:30+00:00', 'source': 'json_producer_USER'}
2025-09-09 00:58:31 | INFO | Sent message to topic 'buzzline_json': {'message': 'Distributed systems are fascinating.', 'author': 'Bob', 'seq': 58, 'ts': '2025-09-09T05:58:31+00:00', 'source': 'json_producer_USER'}
2025-09-09 00:58:32 | INFO | Sent message to topic 'buzzline_json': {'message': 'Kafka is awesome.', 'author': 'Alice', 'seq': 59, 'ts': '2025-09-09T05:58:32+00:00', 'source': 'json_producer_USER'}
2025-09-09 00:58:33 | INFO | Sent message to topic 'buzzline_json': {'message': 'Streaming data is fun.', 'author': 'Alice', 'seq': 60, 'ts': '2025-09-09T05:58:33+00:00', 'source': 'json_producer_USER'}
2025-09-09 00:58:34 | INFO | Sent message to topic 'buzzline_json': {'message': 'Have a great day!', 'author': 'Diana', 'seq': 61, 'ts': '2025-09-09T05:58:34+00:00', 'source': 'json_producer_USER'}
2025-09-09 00:58:35 | INFO | Sent message to topic 'buzzline_json': {'message': 'Streaming data is fun.', 'author': 'Alice', 'seq': 62, 'ts': '2025-09-09T05:58:35+00:00', 'source': 'json_producer_USER'}
2025-09-09 00:58:36 | INFO | Sent message to topic 'buzzline_json': {'message': 'This is a buzz message.', 'author': 'Diana', 'seq': 63, 'ts': '2025-09-09T05:58:36+00:00', 'source': 'json_producer_USER'}
2025-09-09 00:58:37 | INFO | Sent message to topic 'buzzline_json': {'message': 'Data engineering is my passion.', 'author': 'Bob', 'seq': 64, 'ts': '2025-09-09T05:58:37+00:00', 'source': 'json_producer_USER'}
2025-09-09 00:58:38 | INFO | Sent message to topic 'buzzline_json': {'message': 'Have a great day!', 'author': 'Diana', 'seq': 65, 'ts': '2025-09-09T05:58:38+00:00', 'source': 'json_producer_USER'}
2025-09-09 00:58:39 | INFO | Sent message to topic 'buzzline_json': {'message': 'Kafka is awesome.', 'author': 'Alice', 'seq': 66, 'ts': '2025-09-09T05:58:39+00:00', 'source': 'json_producer_USER'}
2025-09-09 00:58:40 | INFO | Sent message to topic 'buzzline_json': {'message': 'Kafka is awesome.', 'author': 'Eve', 'seq': 67, 'ts': '2025-09-09T05:58:40+00:00', 'source': 'json_producer_USER'}
2025-09-09 00:58:41 | INFO | Sent message to topic 'buzzline_json': {'message': 'Have a great day!', 'author': 'Diana', 'seq': 68, 'ts': '2025-09-09T05:58:41+00:00', 'source': 'json_producer_USER'}
2025-09-09 00:58:42 | INFO | Sent message to topic 'buzzline_json': {'message': 'Buzz messages for everyone.', 'author': 'Charlie', 'seq': 69, 'ts': '2025-09-09T05:58:42+00:00', 'source': 'json_producer_USER'}
2025-09-09 00:58:43 | INFO | Sent message to topic 'buzzline_json': {'message': 'This is a buzz message.', 'author': 'Charlie', 'seq': 70, 'ts': '2025-09-09T05:58:43+00:00', 'source': 'json_producer_USER'}
2025-09-09 00:58:44 | INFO | Sent message to topic 'buzzline_json': {'message': 'Streaming data is fun.', 'author': 'Alice', 'seq': 71, 'ts': '2025-09-09T05:58:44+00:00', 'source': 'json_producer_USER'}
2025-09-09 00:58:45 | INFO | Sent message to topic 'buzzline_json': {'message': 'Hello, Kafka world!', 'author': 'Diana', 'seq': 72, 'ts': '2025-09-09T05:58:45+00:00', 'source': 'json_producer_USER'}
2025-09-09 00:58:46 | INFO | Sent message to topic 'buzzline_json': {'message': 'Kafka is awesome.', 'author': 'Bob', 'seq': 73, 'ts': '2025-09-09T05:58:46+00:00', 'source': 'json_producer_USER'}
2025-09-09 00:58:47 | INFO | Sent message to topic 'buzzline_json': {'message': 'I love Python!', 'author': 'Eve', 'seq': 74, 'ts': '2025-09-09T05:58:47+00:00', 'source': 'json_producer_USER'}
2025-09-09 00:58:48 | INFO | Sent message to topic 'buzzline_json': {'message': 'JSON makes life easier.', 'author': 'Charlie', 'seq': 75, 'ts': '2025-09-09T05:58:48+00:00', 'source': 'json_producer_USER'}
2025-09-09 00:58:49 | INFO | Sent message to topic 'buzzline_json': {'message': 'I love Python!', 'author': 'Charlie', 'seq': 76, 'ts': '2025-09-09T05:58:49+00:00', 'source': 'json_producer_USER'}
2025-09-09 00:58:50 | INFO | Sent message to topic 'buzzline_json': {'message': 'I love Python!', 'author': 'Charlie', 'seq': 77, 'ts': '2025-09-09T05:58:50+00:00', 'source': 'json_producer_USER'}
2025-09-09 00:58:51 | INFO | Sent message to topic 'buzzline_json': {'message': 'I love Python!', 'author': 'Diana', 'seq': 78, 'ts': '2025-09-09T05:58:51+00:00', 'source': 'json_producer_USER'}
2025-09-09 00:58:52 | INFO | Sent message to topic 'buzzline_json': {'message': 'Streaming data is fun.', 'author': 'Diana', 'seq': 79, 'ts': '2025-09-09T05:58:52+00:00', 'source': 'json_producer_USER'}
2025-09-09 00:58:53 | INFO | Sent message to topic 'buzzline_json': {'message': 'Data engineering is my passion.', 'author': 'Eve', 'seq': 80, 'ts': '2025-09-09T05:58:53+00:00', 'source': 'json_producer_USER'}
2025-09-09 00:58:54 | INFO | Sent message to topic 'buzzline_json': {'message': 'Buzz messages for everyone.', 'author': 'Eve', 'seq': 81, 'ts': '2025-09-09T05:58:54+00:00', 'source': 'json_producer_USER'}
2025-09-09 00:58:55 | INFO | Sent message to topic 'buzzline_json': {'message': 'JSON makes life easier.', 'author': 'Eve', 'seq': 82, 'ts': '2025-09-09T05:58:55+00:00', 'source': 'json_producer_USER'}
2025-09-09 00:58:56 | INFO | Sent message to topic 'buzzline_json': {'message': 'Have a great day!', 'author': 'Alice', 'seq': 83, 'ts': '2025-09-09T05:58:56+00:00', 'source': 'json_producer_USER'}
2025-09-09 00:58:57 | INFO | Sent message to topic 'buzzline_json': {'message': 'I love Python!', 'author': 'Bob', 'seq': 84, 'ts': '2025-09-09T05:58:57+00:00', 'source': 'json_producer_USER'}
2025-09-09 00:58:58 | INFO | Sent message to topic 'buzzline_json': {'message': 'I love Python!', 'author': 'Bob', 'seq': 85, 'ts': '2025-09-09T05:58:58+00:00', 'source': 'json_producer_USER'}
2025-09-09 00:58:59 | INFO | Sent message to topic 'buzzline_json': {'message': 'This is a buzz message.', 'author': 'Eve', 'seq': 86, 'ts': '2025-09-09T05:58:59+00:00', 'source': 'json_producer_USER'}
2025-09-09 00:59:00 | INFO | Sent message to topic 'buzzline_json': {'message': 'This is a buzz message.', 'author': 'Alice', 'seq': 87, 'ts': '2025-09-09T05:59:00+00:00', 'source': 'json_producer_USER'}
2025-09-09 00:59:01 | INFO | Sent message to topic 'buzzline_json': {'message': 'Distributed systems are fascinating.', 'author': 'Diana', 'seq': 88, 'ts': '2025-09-09T05:59:01+00:00', 'source': 'json_producer_USER'}
2025-09-09 00:59:02 | INFO | Sent message to topic 'buzzline_json': {'message': 'Streaming data is fun.', 'author': 'Eve', 'seq': 89, 'ts': '2025-09-09T05:59:02+00:00', 'source': 'json_producer_USER'}
2025-09-09 00:59:03 | INFO | Sent message to topic 'buzzline_json': {'message': 'Have a great day!', 'author': 'Charlie', 'seq': 90, 'ts': '2025-09-09T05:59:03+00:00', 'source': 'json_producer_USER'}
2025-09-09 00:59:04 | INFO | Sent message to topic 'buzzline_json': {'message': 'JSON makes life easier.', 'author': 'Eve', 'seq': 91, 'ts': '2025-09-09T05:59:04+00:00', 'source': 'json_producer_USER'}
2025-09-09 00:59:05 | INFO | Sent message to topic 'buzzline_json': {'message': 'Buzz messages for everyone.', 'author': 'Diana', 'seq': 92, 'ts': '2025-09-09T05:59:05+00:00', 'source': 'json_producer_USER'}
2025-09-09 00:59:06 | INFO | Sent message to topic 'buzzline_json': {'message': 'This is a buzz message.', 'author': 'Charlie', 'seq': 93, 'ts': '2025-09-09T05:59:06+00:00', 'source': 'json_producer_USER'}
2025-09-09 00:59:07 | INFO | Sent message to topic 'buzzline_json': {'message': 'Distributed systems are fascinating.', 'author': 'Charlie', 'seq': 94, 'ts': '2025-09-09T05:59:07+00:00', 'source': 'json_producer_USER'}
2025-09-09 00:59:08 | INFO | Sent message to topic 'buzzline_json': {'message': 'Buzz messages for everyone.', 'author': 'Bob', 'seq': 95, 'ts': '2025-09-09T05:59:08+00:00', 'source': 'json_producer_USER'}
2025-09-09 00:59:09 | INFO | Sent message to topic 'buzzline_json': {'message': 'This is a buzz message.', 'author': 'Eve', 'seq': 96, 'ts': '2025-09-09T05:59:09+00:00', 'source': 'json_producer_USER'}
2025-09-09 00:59:10 | INFO | Sent message to topic 'buzzline_json': {'message': 'Data engineering is my passion.', 'author': 'Diana', 'seq': 97, 'ts': '2025-09-09T05:59:10+00:00', 'source': 'json_producer_USER'}
2025-09-09 00:59:11 | INFO | Sent message to topic 'buzzline_json': {'message': 'Data engineering is my passion.', 'author': 'Alice', 'seq': 98, 'ts': '2025-09-09T05:59:11+00:00', 'source': 'json_producer_USER'}
2025-09-09 00:59:12 | INFO | Sent message to topic 'buzzline_json': {'message': 'Buzz messages for everyone.', 'author': 'Diana', 'seq': 99, 'ts': '2025-09-09T05:59:12+00:00', 'source': 'json_producer_USER'}
2025-09-09 00:59:13 | INFO | Sent message to topic 'buzzline_json': {'message': 'JSON makes life easier.', 'author': 'Alice', 'seq': 100, 'ts': '2025-09-09T05:59:13+00:00', 'source': 'json_producer_USER'}
2025-09-09 00:59:14 | INFO | Opening data file in read mode: /Users/USER/Projects/buzzline-03-USER/data/buzz.json
2025-09-09 00:59:14 | INFO | Reading data from file: /Users/USER/Projects/buzzline-03-USER/data/buzz.json
2025-09-09 00:59:14 | INFO | Sent message to topic 'buzzline_json': {'message': 'Data engineering is my passion.', 'author': 'Eve', 'seq': 1, 'ts': '2025-09-09T05:59:14+00:00', 'source': 'json_producer_USER'}
2025-09-09 00:59:16 | INFO | Sent message to topic 'buzzline_json': {'message': 'Distributed systems are fascinating.', 'author': 'Alice', 'seq': 2, 'ts': '2025-09-09T05:59:16+00:00', 'source': 'json_producer_USER'}
2025-09-09 00:59:17 | INFO | Sent message to topic 'buzzline_json': {'message': 'Have a great day!', 'author': 'Charlie', 'seq': 3, 'ts': '2025-09-09T05:59:17+00:00', 'source': 'json_producer_USER'}
2025-09-09 00:59:18 | INFO | Sent message to topic 'buzzline_json': {'message': 'Data engineering is my passion.', 'author': 'Alice', 'seq': 4, 'ts': '2025-09-09T05:59:18+00:00', 'source': 'json_producer_USER'}
2025-09-09 00:59:19 | INFO | Sent message to topic 'buzzline_json': {'message': 'Distributed systems are fascinating.', 'author': 'Diana', 'seq': 5, 'ts': '2025-09-09T05:59:19+00:00', 'source': 'json_producer_USER'}
2025-09-09 00:59:20 | INFO | Sent message to topic 'buzzline_json': {'message': 'Buzz messages for everyone.', 'author': 'Alice', 'seq': 6, 'ts': '2025-09-09T05:59:20+00:00', 'source': 'json_producer_USER'}
2025-09-09 00:59:21 | INFO | Sent message to topic 'buzzline_json': {'message': 'Hello, Kafka world!', 'author': 'Diana', 'seq': 7, 'ts': '2025-09-09T05:59:21+00:00', 'source': 'json_producer_USER'}
2025-09-09 00:59:22 | INFO | Sent message to topic 'buzzline_json': {'message': 'This is a buzz message.', 'author': 'Eve', 'seq': 8, 'ts': '2025-09-09T05:59:22+00:00', 'source': 'json_producer_USER'}
2025-09-09 00:59:23 | INFO | Sent message to topic 'buzzline_json': {'message': 'JSON makes life easier.', 'author': 'Eve', 'seq': 9, 'ts': '2025-09-09T05:59:23+00:00', 'source': 'json_producer_USER'}
